<?xml version="1.0" encoding="UTF-8"?>
<!-- Generated by org.testng.reporters.JUnitReportReporter -->
<testsuite skipped="0" hostname="LAPTOP-P1QCA4H2" name="testcase.TitleTest" tests="1" failures="0" timestamp="17 Feb 2020 04:36:23 GMT" time="11.089" errors="0">
  <testcase name="saveDraft" time="11.089" classname="testcase.TitleTest"/>
</testsuite> <!-- testcase.TitleTest -->
