<?xml version="1.0" encoding="UTF-8"?>
<!-- Generated by org.testng.reporters.JUnitReportReporter -->
<testsuite skipped="0" hostname="LAPTOP-P1QCA4H2" name="testcase.LoginTest" tests="1" failures="0" timestamp="16 Feb 2020 19:34:29 GMT" time="8.901" errors="0">
  <testcase name="demoLogin" time="8.901" classname="testcase.LoginTest"/>
</testsuite> <!-- testcase.LoginTest -->
